{"C:\\Users\\Inbar\\linoy\\web-applications\\src\\server.ts": {"path":"C:\\Users\\Inbar\\linoy\\web-applications\\src\\server.ts","statementMap":{"0":{"start":{"line":1,"column":0},"end":{"line":1,"column":43}},"1":{"start":{"line":2,"column":0},"end":{"line":2,"column":29}},"2":{"start":{"line":3,"column":0},"end":{"line":3,"column":17}},"3":{"start":{"line":4,"column":0},"end":{"line":4,"column":32}},"4":{"start":{"line":5,"column":0},"end":{"line":5,"column":37}},"5":{"start":{"line":6,"column":0},"end":{"line":6,"column":41}},"6":{"start":{"line":7,"column":0},"end":{"line":7,"column":47}},"7":{"start":{"line":9,"column":12},"end":{"line":9,"column":21}},"8":{"start":{"line":10,"column":0},"end":{"line":10,"column":27}},"9":{"start":{"line":11,"column":0},"end":{"line":11,"column":48}},"10":{"start":{"line":12,"column":0},"end":{"line":12,"column":null}},"11":{"start":{"line":13,"column":0},"end":{"line":13,"column":29}},"12":{"start":{"line":15,"column":11},"end":{"line":15,"column":30}},"13":{"start":{"line":16,"column":0},"end":{"line":16,"column":64}},"14":{"start":{"line":17,"column":0},"end":{"line":19,"column":3}},"15":{"start":{"line":18,"column":2},"end":{"line":18,"column":null}},"16":{"start":{"line":21,"column":16},"end":{"line":35,"column":1}},"17":{"start":{"line":22,"column":2},"end":{"line":34,"column":5}},"18":{"start":{"line":23,"column":4},"end":{"line":33,"column":5}},"19":{"start":{"line":24,"column":6},"end":{"line":24,"column":53}},"20":{"start":{"line":26,"column":6},"end":{"line":32,"column":9}},"21":{"start":{"line":28,"column":8},"end":{"line":28,"column":21}},"22":{"start":{"line":31,"column":8},"end":{"line":31,"column":20}},"23":{"start":{"line":36,"column":0},"end":{"line":36,"column":23}}},"fnMap":{"0":{"name":"(anonymous_1)","decl":{"start":{"line":17,"column":15},"end":{"line":17,"column":null}},"loc":{"start":{"line":17,"column":15},"end":{"line":19,"column":1}}},"1":{"name":"(anonymous_2)","decl":{"start":{"line":21,"column":16},"end":{"line":21,"column":19}},"loc":{"start":{"line":21,"column":21},"end":{"line":35,"column":1}}},"2":{"name":"(anonymous_3)","decl":{"start":{"line":22,"column":30},"end":{"line":22,"column":31}},"loc":{"start":{"line":22,"column":50},"end":{"line":34,"column":3}}},"3":{"name":"(anonymous_4)","decl":{"start":{"line":27,"column":44},"end":{"line":27,"column":47}},"loc":{"start":{"line":27,"column":49},"end":{"line":29,"column":7}}},"4":{"name":"(anonymous_5)","decl":{"start":{"line":30,"column":13},"end":{"line":30,"column":14}},"loc":{"start":{"line":30,"column":21},"end":{"line":32,"column":7}}}},"branchMap":{"0":{"loc":{"start":{"line":23,"column":4},"end":{"line":33,"column":5}},"type":"if","locations":[{"start":{"line":23,"column":4},"end":{"line":33,"column":5}},{"start":{"line":25,"column":10},"end":{"line":33,"column":5}}]}},"s":{"0":2,"1":2,"2":2,"3":2,"4":2,"5":2,"6":2,"7":2,"8":2,"9":2,"10":2,"11":2,"12":2,"13":2,"14":2,"15":2,"16":2,"17":2,"18":2,"19":0,"20":2,"21":2,"22":0,"23":2},"f":{"0":2,"1":2,"2":2,"3":2,"4":0},"b":{"0":[0,2]}}
,"C:\\Users\\Inbar\\linoy\\web-applications\\src\\controllers\\comments.ts": {"path":"C:\\Users\\Inbar\\linoy\\web-applications\\src\\controllers\\comments.ts","statementMap":{"0":{"start":{"line":1,"column":0},"end":{"line":1,"column":54}},"1":{"start":{"line":2,"column":0},"end":{"line":2,"column":36}},"2":{"start":{"line":5,"column":19},"end":{"line":22,"column":2}},"3":{"start":{"line":5,"column":57},"end":{"line":22,"column":2}},"4":{"start":{"line":6,"column":4},"end":{"line":21,"column":5}},"5":{"start":{"line":7,"column":22},"end":{"line":7,"column":40}},"6":{"start":{"line":8,"column":21},"end":{"line":8,"column":50}},"7":{"start":{"line":9,"column":8},"end":{"line":18,"column":9}},"8":{"start":{"line":10,"column":12},"end":{"line":10,"column":58}},"9":{"start":{"line":12,"column":28},"end":{"line":16,"column":14}},"10":{"start":{"line":17,"column":12},"end":{"line":17,"column":49}},"11":{"start":{"line":20,"column":8},"end":{"line":20,"column":41}},"12":{"start":{"line":23,"column":22},"end":{"line":41,"column":2}},"13":{"start":{"line":23,"column":60},"end":{"line":41,"column":2}},"14":{"start":{"line":24,"column":4},"end":{"line":40,"column":5}},"15":{"start":{"line":25,"column":22},"end":{"line":25,"column":40}},"16":{"start":{"line":26,"column":25},"end":{"line":26,"column":46}},"17":{"start":{"line":27,"column":21},"end":{"line":27,"column":50}},"18":{"start":{"line":28,"column":8},"end":{"line":37,"column":9}},"19":{"start":{"line":29,"column":12},"end":{"line":29,"column":58}},"20":{"start":{"line":31,"column":28},"end":{"line":31,"column":72}},"21":{"start":{"line":32,"column":12},"end":{"line":36,"column":13}},"22":{"start":{"line":33,"column":16},"end":{"line":33,"column":65}},"23":{"start":{"line":35,"column":16},"end":{"line":35,"column":53}},"24":{"start":{"line":39,"column":8},"end":{"line":39,"column":41}},"25":{"start":{"line":43,"column":23},"end":{"line":61,"column":2}},"26":{"start":{"line":43,"column":61},"end":{"line":61,"column":2}},"27":{"start":{"line":44,"column":4},"end":{"line":60,"column":5}},"28":{"start":{"line":45,"column":25},"end":{"line":45,"column":46}},"29":{"start":{"line":46,"column":22},"end":{"line":46,"column":40}},"30":{"start":{"line":47,"column":21},"end":{"line":47,"column":50}},"31":{"start":{"line":48,"column":8},"end":{"line":57,"column":9}},"32":{"start":{"line":49,"column":12},"end":{"line":49,"column":58}},"33":{"start":{"line":51,"column":28},"end":{"line":51,"column":63}},"34":{"start":{"line":52,"column":12},"end":{"line":56,"column":13}},"35":{"start":{"line":53,"column":16},"end":{"line":53,"column":65}},"36":{"start":{"line":55,"column":16},"end":{"line":55,"column":53}},"37":{"start":{"line":59,"column":8},"end":{"line":59,"column":41}},"38":{"start":{"line":62,"column":20},"end":{"line":76,"column":2}},"39":{"start":{"line":62,"column":58},"end":{"line":76,"column":2}},"40":{"start":{"line":63,"column":4},"end":{"line":75,"column":5}},"41":{"start":{"line":64,"column":22},"end":{"line":64,"column":40}},"42":{"start":{"line":65,"column":21},"end":{"line":65,"column":50}},"43":{"start":{"line":66,"column":8},"end":{"line":72,"column":9}},"44":{"start":{"line":67,"column":12},"end":{"line":67,"column":58}},"45":{"start":{"line":70,"column":29},"end":{"line":70,"column":64}},"46":{"start":{"line":71,"column":12},"end":{"line":71,"column":50}},"47":{"start":{"line":74,"column":8},"end":{"line":74,"column":41}},"48":{"start":{"line":78,"column":22},"end":{"line":99,"column":2}},"49":{"start":{"line":78,"column":60},"end":{"line":99,"column":2}},"50":{"start":{"line":79,"column":4},"end":{"line":98,"column":5}},"51":{"start":{"line":80,"column":22},"end":{"line":80,"column":40}},"52":{"start":{"line":81,"column":25},"end":{"line":81,"column":46}},"53":{"start":{"line":82,"column":21},"end":{"line":82,"column":50}},"54":{"start":{"line":83,"column":8},"end":{"line":95,"column":9}},"55":{"start":{"line":84,"column":12},"end":{"line":84,"column":58}},"56":{"start":{"line":86,"column":28},"end":{"line":86,"column":63}},"57":{"start":{"line":87,"column":12},"end":{"line":94,"column":13}},"58":{"start":{"line":88,"column":16},"end":{"line":88,"column":47}},"59":{"start":{"line":89,"column":16},"end":{"line":89,"column":51}},"60":{"start":{"line":90,"column":16},"end":{"line":90,"column":31}},"61":{"start":{"line":91,"column":16},"end":{"line":91,"column":53}},"62":{"start":{"line":93,"column":16},"end":{"line":93,"column":65}},"63":{"start":{"line":97,"column":8},"end":{"line":97,"column":41}},"64":{"start":{"line":103,"column":0},"end":{"line":109,"column":null}}},"fnMap":{"0":{"name":"(anonymous_8)","decl":{"start":{"line":5,"column":19},"end":{"line":5,"column":26}},"loc":{"start":{"line":5,"column":57},"end":{"line":22,"column":2}}},"1":{"name":"(anonymous_9)","decl":{"start":{"line":5,"column":57},"end":{"line":5,"column":null}},"loc":{"start":{"line":5,"column":57},"end":{"line":22,"column":1}}},"2":{"name":"(anonymous_10)","decl":{"start":{"line":23,"column":22},"end":{"line":23,"column":29}},"loc":{"start":{"line":23,"column":60},"end":{"line":41,"column":2}}},"3":{"name":"(anonymous_11)","decl":{"start":{"line":23,"column":60},"end":{"line":23,"column":null}},"loc":{"start":{"line":23,"column":60},"end":{"line":41,"column":1}}},"4":{"name":"(anonymous_12)","decl":{"start":{"line":43,"column":23},"end":{"line":43,"column":30}},"loc":{"start":{"line":43,"column":61},"end":{"line":61,"column":2}}},"5":{"name":"(anonymous_13)","decl":{"start":{"line":43,"column":61},"end":{"line":43,"column":null}},"loc":{"start":{"line":43,"column":61},"end":{"line":61,"column":1}}},"6":{"name":"(anonymous_14)","decl":{"start":{"line":62,"column":20},"end":{"line":62,"column":27}},"loc":{"start":{"line":62,"column":58},"end":{"line":76,"column":2}}},"7":{"name":"(anonymous_15)","decl":{"start":{"line":62,"column":58},"end":{"line":62,"column":null}},"loc":{"start":{"line":62,"column":58},"end":{"line":76,"column":1}}},"8":{"name":"(anonymous_16)","decl":{"start":{"line":78,"column":22},"end":{"line":78,"column":29}},"loc":{"start":{"line":78,"column":60},"end":{"line":99,"column":2}}},"9":{"name":"(anonymous_17)","decl":{"start":{"line":78,"column":60},"end":{"line":78,"column":null}},"loc":{"start":{"line":78,"column":60},"end":{"line":99,"column":1}}}},"branchMap":{"0":{"loc":{"start":{"line":9,"column":8},"end":{"line":18,"column":9}},"type":"if","locations":[{"start":{"line":9,"column":8},"end":{"line":18,"column":9}},{"start":{"line":11,"column":15},"end":{"line":18,"column":9}}]},"1":{"loc":{"start":{"line":28,"column":8},"end":{"line":37,"column":9}},"type":"if","locations":[{"start":{"line":28,"column":8},"end":{"line":37,"column":9}},{"start":{"line":30,"column":12},"end":{"line":37,"column":9}}]},"2":{"loc":{"start":{"line":32,"column":12},"end":{"line":36,"column":13}},"type":"if","locations":[{"start":{"line":32,"column":12},"end":{"line":36,"column":13}},{"start":{"line":34,"column":18},"end":{"line":36,"column":13}}]},"3":{"loc":{"start":{"line":48,"column":8},"end":{"line":57,"column":9}},"type":"if","locations":[{"start":{"line":48,"column":8},"end":{"line":57,"column":9}},{"start":{"line":50,"column":14},"end":{"line":57,"column":9}}]},"4":{"loc":{"start":{"line":52,"column":12},"end":{"line":56,"column":13}},"type":"if","locations":[{"start":{"line":52,"column":12},"end":{"line":56,"column":13}},{"start":{"line":54,"column":18},"end":{"line":56,"column":13}}]},"5":{"loc":{"start":{"line":66,"column":8},"end":{"line":72,"column":9}},"type":"if","locations":[{"start":{"line":66,"column":8},"end":{"line":72,"column":9}},{"start":{"line":69,"column":12},"end":{"line":72,"column":9}}]},"6":{"loc":{"start":{"line":83,"column":8},"end":{"line":95,"column":9}},"type":"if","locations":[{"start":{"line":83,"column":8},"end":{"line":95,"column":9}},{"start":{"line":85,"column":15},"end":{"line":95,"column":9}}]},"7":{"loc":{"start":{"line":87,"column":12},"end":{"line":94,"column":13}},"type":"if","locations":[{"start":{"line":87,"column":12},"end":{"line":94,"column":13}},{"start":{"line":92,"column":19},"end":{"line":94,"column":13}}]}},"s":{"0":2,"1":2,"2":2,"3":1,"4":1,"5":1,"6":1,"7":1,"8":0,"9":1,"10":1,"11":0,"12":2,"13":1,"14":1,"15":1,"16":1,"17":1,"18":1,"19":0,"20":1,"21":1,"22":0,"23":1,"24":0,"25":2,"26":2,"27":2,"28":2,"29":2,"30":2,"31":2,"32":0,"33":2,"34":2,"35":1,"36":1,"37":0,"38":2,"39":2,"40":2,"41":2,"42":2,"43":2,"44":0,"45":2,"46":2,"47":0,"48":2,"49":0,"50":0,"51":0,"52":0,"53":0,"54":0,"55":0,"56":0,"57":0,"58":0,"59":0,"60":0,"61":0,"62":0,"63":0,"64":2},"f":{"0":1,"1":1,"2":1,"3":1,"4":2,"5":2,"6":2,"7":2,"8":0,"9":0},"b":{"0":[0,1],"1":[0,1],"2":[0,1],"3":[0,2],"4":[1,1],"5":[0,2],"6":[0,0],"7":[0,0]}}
,"C:\\Users\\Inbar\\linoy\\web-applications\\src\\controllers\\posts.ts": {"path":"C:\\Users\\Inbar\\linoy\\web-applications\\src\\controllers\\posts.ts","statementMap":{"0":{"start":{"line":1,"column":0},"end":{"line":1,"column":45}},"1":{"start":{"line":4,"column":16},"end":{"line":11,"column":2}},"2":{"start":{"line":4,"column":54},"end":{"line":11,"column":2}},"3":{"start":{"line":5,"column":4},"end":{"line":10,"column":5}},"4":{"start":{"line":6,"column":21},"end":{"line":6,"column":49}},"5":{"start":{"line":7,"column":8},"end":{"line":7,"column":35}},"6":{"start":{"line":9,"column":8},"end":{"line":9,"column":34}},"7":{"start":{"line":13,"column":19},"end":{"line":29,"column":2}},"8":{"start":{"line":13,"column":57},"end":{"line":29,"column":2}},"9":{"start":{"line":14,"column":18},"end":{"line":14,"column":36}},"10":{"start":{"line":15,"column":4},"end":{"line":28,"column":5}},"11":{"start":{"line":16,"column":21},"end":{"line":16,"column":50}},"12":{"start":{"line":17,"column":8},"end":{"line":25,"column":9}},"13":{"start":{"line":18,"column":12},"end":{"line":18,"column":40}},"14":{"start":{"line":19,"column":12},"end":{"line":19,"column":40}},"15":{"start":{"line":20,"column":12},"end":{"line":20,"column":44}},"16":{"start":{"line":21,"column":12},"end":{"line":21,"column":24}},"17":{"start":{"line":22,"column":12},"end":{"line":22,"column":39}},"18":{"start":{"line":24,"column":12},"end":{"line":24,"column":51}},"19":{"start":{"line":27,"column":8},"end":{"line":27,"column":34}},"20":{"start":{"line":31,"column":17},"end":{"line":44,"column":2}},"21":{"start":{"line":31,"column":55},"end":{"line":44,"column":2}},"22":{"start":{"line":32,"column":18},"end":{"line":32,"column":33}},"23":{"start":{"line":33,"column":4},"end":{"line":43,"column":5}},"24":{"start":{"line":34,"column":8},"end":{"line":40,"column":9}},"25":{"start":{"line":35,"column":25},"end":{"line":35,"column":57}},"26":{"start":{"line":36,"column":12},"end":{"line":36,"column":39}},"27":{"start":{"line":38,"column":25},"end":{"line":38,"column":43}},"28":{"start":{"line":39,"column":12},"end":{"line":39,"column":39}},"29":{"start":{"line":42,"column":8},"end":{"line":42,"column":34}},"30":{"start":{"line":47,"column":19},"end":{"line":60,"column":2}},"31":{"start":{"line":47,"column":57},"end":{"line":60,"column":2}},"32":{"start":{"line":48,"column":18},"end":{"line":48,"column":36}},"33":{"start":{"line":49,"column":4},"end":{"line":59,"column":5}},"34":{"start":{"line":50,"column":21},"end":{"line":50,"column":59}},"35":{"start":{"line":51,"column":8},"end":{"line":56,"column":9}},"36":{"start":{"line":52,"column":12},"end":{"line":52,"column":39}},"37":{"start":{"line":54,"column":12},"end":{"line":54,"column":51}},"38":{"start":{"line":58,"column":8},"end":{"line":58,"column":34}},"39":{"start":{"line":62,"column":20},"end":{"line":75,"column":2}},"40":{"start":{"line":62,"column":58},"end":{"line":75,"column":2}},"41":{"start":{"line":63,"column":18},"end":{"line":63,"column":36}},"42":{"start":{"line":64,"column":4},"end":{"line":74,"column":5}},"43":{"start":{"line":65,"column":21},"end":{"line":65,"column":50}},"44":{"start":{"line":66,"column":8},"end":{"line":71,"column":9}},"45":{"start":{"line":67,"column":12},"end":{"line":67,"column":39}},"46":{"start":{"line":69,"column":12},"end":{"line":69,"column":51}},"47":{"start":{"line":73,"column":8},"end":{"line":73,"column":34}},"48":{"start":{"line":77,"column":0},"end":{"line":83,"column":null}}},"fnMap":{"0":{"name":"(anonymous_8)","decl":{"start":{"line":4,"column":16},"end":{"line":4,"column":23}},"loc":{"start":{"line":4,"column":54},"end":{"line":11,"column":2}}},"1":{"name":"(anonymous_9)","decl":{"start":{"line":4,"column":54},"end":{"line":4,"column":null}},"loc":{"start":{"line":4,"column":54},"end":{"line":11,"column":1}}},"2":{"name":"(anonymous_10)","decl":{"start":{"line":13,"column":19},"end":{"line":13,"column":26}},"loc":{"start":{"line":13,"column":57},"end":{"line":29,"column":2}}},"3":{"name":"(anonymous_11)","decl":{"start":{"line":13,"column":57},"end":{"line":13,"column":null}},"loc":{"start":{"line":13,"column":57},"end":{"line":29,"column":1}}},"4":{"name":"(anonymous_12)","decl":{"start":{"line":31,"column":17},"end":{"line":31,"column":24}},"loc":{"start":{"line":31,"column":55},"end":{"line":44,"column":2}}},"5":{"name":"(anonymous_13)","decl":{"start":{"line":31,"column":55},"end":{"line":31,"column":null}},"loc":{"start":{"line":31,"column":55},"end":{"line":44,"column":1}}},"6":{"name":"(anonymous_14)","decl":{"start":{"line":47,"column":19},"end":{"line":47,"column":26}},"loc":{"start":{"line":47,"column":57},"end":{"line":60,"column":2}}},"7":{"name":"(anonymous_15)","decl":{"start":{"line":47,"column":57},"end":{"line":47,"column":null}},"loc":{"start":{"line":47,"column":57},"end":{"line":60,"column":1}}},"8":{"name":"(anonymous_16)","decl":{"start":{"line":62,"column":20},"end":{"line":62,"column":27}},"loc":{"start":{"line":62,"column":58},"end":{"line":75,"column":2}}},"9":{"name":"(anonymous_17)","decl":{"start":{"line":62,"column":58},"end":{"line":62,"column":null}},"loc":{"start":{"line":62,"column":58},"end":{"line":75,"column":1}}}},"branchMap":{"0":{"loc":{"start":{"line":17,"column":8},"end":{"line":25,"column":9}},"type":"if","locations":[{"start":{"line":17,"column":8},"end":{"line":25,"column":9}},{"start":{"line":23,"column":15},"end":{"line":25,"column":9}}]},"1":{"loc":{"start":{"line":34,"column":8},"end":{"line":40,"column":9}},"type":"if","locations":[{"start":{"line":34,"column":8},"end":{"line":40,"column":9}},{"start":{"line":37,"column":15},"end":{"line":40,"column":9}}]},"2":{"loc":{"start":{"line":51,"column":8},"end":{"line":56,"column":9}},"type":"if","locations":[{"start":{"line":51,"column":8},"end":{"line":56,"column":9}},{"start":{"line":53,"column":14},"end":{"line":56,"column":9}}]},"3":{"loc":{"start":{"line":66,"column":8},"end":{"line":71,"column":9}},"type":"if","locations":[{"start":{"line":66,"column":8},"end":{"line":71,"column":9}},{"start":{"line":68,"column":14},"end":{"line":71,"column":9}}]}},"s":{"0":2,"1":2,"2":3,"3":3,"4":3,"5":2,"6":1,"7":2,"8":0,"9":0,"10":0,"11":0,"12":0,"13":0,"14":0,"15":0,"16":0,"17":0,"18":0,"19":0,"20":2,"21":3,"22":3,"23":3,"24":3,"25":1,"26":1,"27":2,"28":2,"29":0,"30":2,"31":1,"32":1,"33":1,"34":1,"35":1,"36":1,"37":0,"38":0,"39":2,"40":2,"41":2,"42":2,"43":2,"44":2,"45":1,"46":1,"47":0,"48":2},"f":{"0":3,"1":3,"2":0,"3":0,"4":3,"5":3,"6":1,"7":1,"8":2,"9":2},"b":{"0":[0,0],"1":[1,2],"2":[1,0],"3":[1,1]}}
,"C:\\Users\\Inbar\\linoy\\web-applications\\src\\models\\comments.ts": {"path":"C:\\Users\\Inbar\\linoy\\web-applications\\src\\models\\comments.ts","statementMap":{"0":{"start":{"line":1,"column":0},"end":{"line":1,"column":32}},"1":{"start":{"line":2,"column":15},"end":{"line":2,"column":30}},"2":{"start":{"line":9,"column":16},"end":{"line":16,"column":2}},"3":{"start":{"line":17,"column":17},"end":{"line":17,"column":61}},"4":{"start":{"line":19,"column":0},"end":{"line":19,"column":24}}},"fnMap":{},"branchMap":{},"s":{"0":2,"1":2,"2":2,"3":2,"4":2},"f":{},"b":{}}
,"C:\\Users\\Inbar\\linoy\\web-applications\\src\\models\\posts.ts": {"path":"C:\\Users\\Inbar\\linoy\\web-applications\\src\\models\\posts.ts","statementMap":{"0":{"start":{"line":1,"column":0},"end":{"line":1,"column":32}},"1":{"start":{"line":2,"column":15},"end":{"line":2,"column":30}},"2":{"start":{"line":10,"column":13},"end":{"line":23,"column":6}},"3":{"start":{"line":25,"column":14},"end":{"line":25,"column":49}},"4":{"start":{"line":26,"column":0},"end":{"line":26,"column":21}}},"fnMap":{},"branchMap":{},"s":{"0":2,"1":2,"2":2,"3":2,"4":2},"f":{},"b":{}}
,"C:\\Users\\Inbar\\linoy\\web-applications\\src\\routes\\comments.ts": {"path":"C:\\Users\\Inbar\\linoy\\web-applications\\src\\routes\\comments.ts","statementMap":{"0":{"start":{"line":1,"column":0},"end":{"line":1,"column":53}},"1":{"start":{"line":2,"column":0},"end":{"line":2,"column":57}},"2":{"start":{"line":4,"column":15},"end":{"line":4,"column":31}},"3":{"start":{"line":6,"column":0},"end":{"line":8,"column":3}},"4":{"start":{"line":7,"column":4},"end":{"line":7,"column":44}},"5":{"start":{"line":10,"column":0},"end":{"line":12,"column":3}},"6":{"start":{"line":11,"column":4},"end":{"line":11,"column":45}},"7":{"start":{"line":14,"column":0},"end":{"line":16,"column":3}},"8":{"start":{"line":15,"column":4},"end":{"line":15,"column":47}},"9":{"start":{"line":18,"column":0},"end":{"line":20,"column":3}},"10":{"start":{"line":19,"column":4},"end":{"line":19,"column":48}},"11":{"start":{"line":22,"column":0},"end":{"line":24,"column":3}},"12":{"start":{"line":23,"column":4},"end":{"line":23,"column":47}},"13":{"start":{"line":26,"column":0},"end":{"line":26,"column":22}}},"fnMap":{"0":{"name":"(anonymous_1)","decl":{"start":{"line":6,"column":40},"end":{"line":6,"column":41}},"loc":{"start":{"line":6,"column":72},"end":{"line":8,"column":1}}},"1":{"name":"(anonymous_2)","decl":{"start":{"line":10,"column":39},"end":{"line":10,"column":40}},"loc":{"start":{"line":10,"column":71},"end":{"line":12,"column":1}}},"2":{"name":"(anonymous_3)","decl":{"start":{"line":14,"column":51},"end":{"line":14,"column":52}},"loc":{"start":{"line":14,"column":83},"end":{"line":16,"column":1}}},"3":{"name":"(anonymous_4)","decl":{"start":{"line":18,"column":51},"end":{"line":18,"column":52}},"loc":{"start":{"line":18,"column":83},"end":{"line":20,"column":1}}},"4":{"name":"(anonymous_5)","decl":{"start":{"line":22,"column":54},"end":{"line":22,"column":55}},"loc":{"start":{"line":22,"column":86},"end":{"line":24,"column":1}}}},"branchMap":{},"s":{"0":2,"1":2,"2":2,"3":2,"4":1,"5":2,"6":2,"7":2,"8":0,"9":2,"10":2,"11":2,"12":1,"13":2},"f":{"0":1,"1":2,"2":0,"3":2,"4":1},"b":{}}
,"C:\\Users\\Inbar\\linoy\\web-applications\\src\\routes\\posts.ts": {"path":"C:\\Users\\Inbar\\linoy\\web-applications\\src\\routes\\posts.ts","statementMap":{"0":{"start":{"line":1,"column":0},"end":{"line":1,"column":30}},"1":{"start":{"line":2,"column":0},"end":{"line":2,"column":50}},"2":{"start":{"line":5,"column":15},"end":{"line":5,"column":31}},"3":{"start":{"line":7,"column":0},"end":{"line":9,"column":3}},"4":{"start":{"line":8,"column":4},"end":{"line":8,"column":38}},"5":{"start":{"line":11,"column":0},"end":{"line":13,"column":3}},"6":{"start":{"line":12,"column":4},"end":{"line":12,"column":41}},"7":{"start":{"line":15,"column":0},"end":{"line":17,"column":3}},"8":{"start":{"line":16,"column":4},"end":{"line":16,"column":40}},"9":{"start":{"line":19,"column":0},"end":{"line":21,"column":3}},"10":{"start":{"line":20,"column":4},"end":{"line":20,"column":37}},"11":{"start":{"line":23,"column":0},"end":{"line":25,"column":3}},"12":{"start":{"line":24,"column":4},"end":{"line":24,"column":40}},"13":{"start":{"line":27,"column":0},"end":{"line":27,"column":22}}},"fnMap":{"0":{"name":"(anonymous_1)","decl":{"start":{"line":7,"column":21},"end":{"line":7,"column":22}},"loc":{"start":{"line":7,"column":53},"end":{"line":9,"column":1}}},"1":{"name":"(anonymous_2)","decl":{"start":{"line":11,"column":30},"end":{"line":11,"column":31}},"loc":{"start":{"line":11,"column":62},"end":{"line":13,"column":1}}},"2":{"name":"(anonymous_3)","decl":{"start":{"line":15,"column":33},"end":{"line":15,"column":34}},"loc":{"start":{"line":15,"column":65},"end":{"line":17,"column":1}}},"3":{"name":"(anonymous_4)","decl":{"start":{"line":19,"column":22},"end":{"line":19,"column":23}},"loc":{"start":{"line":19,"column":54},"end":{"line":21,"column":1}}},"4":{"name":"(anonymous_5)","decl":{"start":{"line":23,"column":30},"end":{"line":23,"column":31}},"loc":{"start":{"line":23,"column":62},"end":{"line":25,"column":1}}}},"branchMap":{},"s":{"0":2,"1":2,"2":2,"3":2,"4":3,"5":2,"6":2,"7":2,"8":1,"9":2,"10":3,"11":2,"12":0,"13":2},"f":{"0":3,"1":2,"2":1,"3":3,"4":0},"b":{}}
}
